Release 13.2 Map O.61xd (nt64)
Xilinx Mapping Report File for Design 'pianomain'

Design Information
------------------
Command Line   : map -intstyle ise -p xc3s1000-ft256-5 -cm area -ir off -pr off
-c 100 -o pianomain_map.ncd pianomain.ngd pianomain.pcf 
Target Device  : xc3s1000
Target Package : ft256
Target Speed   : -5
Mapper Version : spartan3 -- $Revision: 1.55 $
Mapped Date    : Sun Dec 11 22:16:14 2011

Design Summary
--------------
Number of errors:      0
Number of warnings:    0
Logic Utilization:
  Number of Slice Flip Flops:           739 out of  15,360    4%
  Number of 4 input LUTs:             7,483 out of  15,360   48%
Logic Distribution:
  Number of occupied Slices:          5,852 out of   7,680   76%
    Number of Slices containing only related logic:   5,852 out of   5,852 100%
    Number of Slices containing unrelated logic:          0 out of   5,852   0%
      *See NOTES below for an explanation of the effects of unrelated logic.
  Total Number of 4 input LUTs:       8,235 out of  15,360   53%
    Number used as logic:             7,483
    Number used as a route-thru:        752

  The Slice Logic Distribution report is not meaningful if the design is
  over-mapped for a non-slice resource or if Placement fails.

  Number of bonded IOBs:                 25 out of     173   14%
  Number of MULT18X18s:                  13 out of      24   54%
  Number of BUFGMUXs:                     1 out of       8   12%

Average Fanout of Non-Clock Nets:                4.04

Peak Memory Usage:  312 MB
Total REAL time to MAP completion:  13 secs 
Total CPU time to MAP completion:   10 secs 

NOTES:

   Related logic is defined as being logic that shares connectivity - e.g. two
   LUTs are "related" if they share common inputs.  When assembling slices,
   Map gives priority to combine logic that is related.  Doing so results in
   the best timing performance.

   Unrelated logic shares no connectivity.  Map will only begin packing
   unrelated logic into a slice once 99% of the slices are occupied through
   related logic packing.

   Note that once logic distribution reaches the 99% level through related
   logic packing, this does not mean the device is completely utilized.
   Unrelated logic packing will then begin, continuing until all usable LUTs
   and FFs are occupied.  Depending on your timing budget, increased levels of
   unrelated logic packing may adversely affect the overall timing performance
   of your design.

Table of Contents
-----------------
Section 1 - Errors
Section 2 - Warnings
Section 3 - Informational
Section 4 - Removed Logic Summary
Section 5 - Removed Logic
Section 6 - IOB Properties
Section 7 - RPMs
Section 8 - Guide Report
Section 9 - Area Group and Partition Summary
Section 10 - Timing Report
Section 11 - Configuration String Information
Section 12 - Control Set Information
Section 13 - Utilization by Hierarchy

Section 1 - Errors
------------------

Section 2 - Warnings
--------------------

Section 3 - Informational
-------------------------
INFO:MapLib:562 - No environment variables are currently set.
INFO:LIT:244 - All of the single ended outputs in this design are using slew
   rate limited output drivers. The delay on speed critical single ended outputs
   can be dramatically reduced by designating them as fast outputs.

Section 4 - Removed Logic Summary
---------------------------------
   2 block(s) optimized away

Section 5 - Removed Logic
-------------------------

Optimized Block(s):
TYPE 		BLOCK
GND 		XST_GND
VCC 		XST_VCC

To enable printing of redundant blocks removed and signals merged, set the
detailed map report option and rerun map.

Section 6 - IOB Properties
--------------------------

+---------------------------------------------------------------------------------------------------------------------------------------------------------+
| IOB Name                           | Type             | Direction | IO Standard          | Diff  | Drive    | Slew | Reg (s)      | Resistor | IOB      |
|                                    |                  |           |                      | Term  | Strength | Rate |              |          | Delay    |
+---------------------------------------------------------------------------------------------------------------------------------------------------------+
| audio_out                          | IOB              | OUTPUT    | LVCMOS25             |       | 12       | SLOW |              |          |          |
| buttons<0>                         | IOB              | INPUT     | LVCMOS25             |       |          |      |              |          |          |
| buttons<1>                         | IOB              | INPUT     | LVCMOS25             |       |          |      |              |          |          |
| buttons<2>                         | IOB              | INPUT     | LVCMOS25             |       |          |      |              |          |          |
| buttons<3>                         | IOB              | INPUT     | LVCMOS25             |       |          |      |              |          |          |
| buttons<4>                         | IOB              | INPUT     | LVCMOS25             |       |          |      |              |          |          |
| buttons<5>                         | IOB              | INPUT     | LVCMOS25             |       |          |      |              |          |          |
| buttons<6>                         | IOB              | INPUT     | LVCMOS25             |       |          |      |              |          |          |
| buttons<7>                         | IOB              | INPUT     | LVCMOS25             |       |          |      |              |          |          |
| buttons<8>                         | IOB              | INPUT     | LVCMOS25             |       |          |      |              |          |          |
| buttons<9>                         | IOB              | INPUT     | LVCMOS25             |       |          |      |              |          |          |
| buttons<10>                        | IOB              | INPUT     | LVCMOS25             |       |          |      |              |          |          |
| buttons<11>                        | IOB              | INPUT     | LVCMOS25             |       |          |      |              |          |          |
| buttons<12>                        | IOB              | INPUT     | LVCMOS25             |       |          |      |              |          |          |
| clk_50MHz                          | IOB              | INPUT     | LVCMOS25             |       |          |      |              |          |          |
| leds<0>                            | IOB              | OUTPUT    | LVCMOS25             |       | 12       | SLOW |              |          |          |
| leds<1>                            | IOB              | OUTPUT    | LVCMOS25             |       | 12       | SLOW |              |          |          |
| leds<2>                            | IOB              | OUTPUT    | LVCMOS25             |       | 12       | SLOW |              |          |          |
| leds<3>                            | IOB              | OUTPUT    | LVCMOS25             |       | 12       | SLOW |              |          |          |
| leds<4>                            | IOB              | OUTPUT    | LVCMOS25             |       | 12       | SLOW |              |          |          |
| leds<5>                            | IOB              | OUTPUT    | LVCMOS25             |       | 12       | SLOW |              |          |          |
| leds<6>                            | IOB              | OUTPUT    | LVCMOS25             |       | 12       | SLOW |              |          |          |
| leds<7>                            | IOB              | OUTPUT    | LVCMOS25             |       | 12       | SLOW |              |          |          |
| vdown                              | IOB              | INPUT     | LVCMOS25             |       |          |      |              |          |          |
| vup                                | IOB              | INPUT     | LVCMOS25             |       |          |      |              |          |          |
+---------------------------------------------------------------------------------------------------------------------------------------------------------+

Section 7 - RPMs
----------------

Section 8 - Guide Report
------------------------
Guide not run on this design.

Section 9 - Area Group and Partition Summary
--------------------------------------------

Partition Implementation Status
-------------------------------

  No Partitions were found in this design.

-------------------------------

Area Group Information
----------------------

  No area groups were found in this design.

----------------------

Section 10 - Timing Report
--------------------------
This design was not run using timing mode.

Section 11 - Configuration String Details
-----------------------------------------
Use the "-detail" map option to print out Configuration Strings

Section 12 - Control Set Information
------------------------------------
No control set information for this architecture.

Section 13 - Utilization by Hierarchy
-------------------------------------
Use the "-detail" map option to print out the Utilization by Hierarchy section.
